<?xml version="1.0" encoding="UTF-8" ?>
<testsuite failures="0" time="0.061" errors="0" skipped="0" tests="51" name="com.elasticpath.domain.dataimport.impl.ImportDataTypeProductImplTest">
  <properties>
[...]
</properties>
  <testcase time="0.012" classname="com.elasticpath.domain.dataimport.impl.ImportDataTypeProductImplTest" name="testInitializationWithWrongType"/>
  <testcase time="0.002" classname="com.elasticpath.domain.dataimport.impl.ImportDataTypeProductImplTest" name="testGetImportFieldOfSmallImage"/>
  <testcase time="0" classname="com.elasticpath.domain.dataimport.impl.ImportDataTypeProductImplTest" name="testGetImportFieldOfHidden"/>
  <testcase time="0" classname="com.elasticpath.domain.dataimport.impl.ImportDataTypeProductImplTest" name="testGetImportFieldOfGuidWithInvalidGuid"/>
  <testcase time="0.001" classname="com.elasticpath.domain.dataimport.impl.ImportDataTypeProductImplTest" name="testGetImportFieldSkuFileName"/>
  <testcase time="0.001" classname="com.elasticpath.domain.dataimport.impl.ImportDataTypeProductImplTest" name="testGetImportFieldOfDescription"/>
  <testcase time="0.002" classname="com.elasticpath.domain.dataimport.impl.ImportDataTypeProductImplTest" name="testGetImportFieldOfUrl"/>
  <testcase time="0.001" classname="com.elasticpath.domain.dataimport.impl.ImportDataTypeProductImplTest" name="testGetImportFieldOfDefaultCategoryWithNonExistingGuid"/>
  <testcase time="0.002" classname="com.elasticpath.domain.dataimport.impl.ImportDataTypeProductImplTest" name="testGetImportFieldOfStartDate"/>
  <testcase time="0" classname="com.elasticpath.domain.dataimport.impl.ImportDataTypeProductImplTest" name="testGetImportFieldOfStartDateWithError"/>
  <testcase time="0.001" classname="com.elasticpath.domain.dataimport.impl.ImportDataTypeProductImplTest" name="testGetImportFieldSkuExpiryDays"/>
  <testcase time="0.001" classname="com.elasticpath.domain.dataimport.impl.ImportDataTypeProductImplTest" name="testGetRequiredImportFields"/>
  <testcase time="0.001" classname="com.elasticpath.domain.dataimport.impl.ImportDataTypeProductImplTest" name="testGetName"/>
  <testcase time="0" classname="com.elasticpath.domain.dataimport.impl.ImportDataTypeProductImplTest" name="testGetImportFieldOfSkuWidth"/>
  <testcase time="0.002" classname="com.elasticpath.domain.dataimport.impl.ImportDataTypeProductImplTest" name="testImportFieldOfDefaultCategory"/>
  <testcase time="0.001" classname="com.elasticpath.domain.dataimport.impl.ImportDataTypeProductImplTest" name="testSettingTitleWithTextExceedingMaximumLength"/>
  <testcase time="0.001" classname="com.elasticpath.domain.dataimport.impl.ImportDataTypeProductImplTest" name="testGetImportFieldOfBrandWithNonExistGuid"/>
  <testcase time="0.001" classname="com.elasticpath.domain.dataimport.impl.ImportDataTypeProductImplTest" name="testGetImportFieldOfDescriptionErrorTooLong"/>
  <testcase time="0.001" classname="com.elasticpath.domain.dataimport.impl.ImportDataTypeProductImplTest" name="testImportProductInCatalog"/>
  <testcase time="0.001" classname="com.elasticpath.domain.dataimport.impl.ImportDataTypeProductImplTest" name="testGetImportFieldOfDisplayNameNullForNonRequiredLocale"/>
  <testcase time="0.001" classname="com.elasticpath.domain.dataimport.impl.ImportDataTypeProductImplTest" name="testInitializationWithNull"/>
  <testcase time="0.001" classname="com.elasticpath.domain.dataimport.impl.ImportDataTypeProductImplTest" name="testGetImportFieldOfDefaultCategoryWithNull"/>
  <testcase time="0" classname="com.elasticpath.domain.dataimport.impl.ImportDataTypeProductImplTest" name="testGetImportFieldShippable"/>
  <testcase time="0.001" classname="com.elasticpath.domain.dataimport.impl.ImportDataTypeProductImplTest" name="testGetImportFieldOfSkuAttributes"/>
  <testcase time="0" classname="com.elasticpath.domain.dataimport.impl.ImportDataTypeProductImplTest" name="testGetImportFieldOfSkuOptionWithNull"/>
  <testcase time="0.001" classname="com.elasticpath.domain.dataimport.impl.ImportDataTypeProductImplTest" name="testGetImportFieldOfEndDateWithError"/>
  <testcase time="0.001" classname="com.elasticpath.domain.dataimport.impl.ImportDataTypeProductImplTest" name="testGetImportFieldOfDisplayNameNullForRequiredLocale"/>
  <testcase time="0.001" classname="com.elasticpath.domain.dataimport.impl.ImportDataTypeProductImplTest" name="testGetImportFieldOfColorWithError"/>
  <testcase time="0.001" classname="com.elasticpath.domain.dataimport.impl.ImportDataTypeProductImplTest" name="testGetImportFieldOfSkuHeight"/>
  <testcase time="0.001" classname="com.elasticpath.domain.dataimport.impl.ImportDataTypeProductImplTest" name="testGetImportFieldOfBrand"/>
  <testcase time="0.001" classname="com.elasticpath.domain.dataimport.impl.ImportDataTypeProductImplTest" name="testGetImportFieldOfImage"/>
  <testcase time="0" classname="com.elasticpath.domain.dataimport.impl.ImportDataTypeProductImplTest" name="testGetImportFieldOfTitle"/>
  <testcase time="0.001" classname="com.elasticpath.domain.dataimport.impl.ImportDataTypeProductImplTest" name="testGetImportFieldOfSkuLength"/>
  <testcase time="0.001" classname="com.elasticpath.domain.dataimport.impl.ImportDataTypeProductImplTest" name="testGetImportFieldOfSkuOption"/>
  <testcase time="0.001" classname="com.elasticpath.domain.dataimport.impl.ImportDataTypeProductImplTest" name="testSettingKeywordsWithTextExceedingMaximumLength"/>
  <testcase time="0.001" classname="com.elasticpath.domain.dataimport.impl.ImportDataTypeProductImplTest" name="testGetImportFieldOfSkuWeight"/>
  <testcase time="0" classname="com.elasticpath.domain.dataimport.impl.ImportDataTypeProductImplTest" name="testGetGuidFieldName"/>
  <testcase time="0" classname="com.elasticpath.domain.dataimport.impl.ImportDataTypeProductImplTest" name="testGetImportFieldOfDisplayNameErrorTooLong"/>
  <testcase time="0.001" classname="com.elasticpath.domain.dataimport.impl.ImportDataTypeProductImplTest" name="testGetImportFieldOfSkuCode"/>
  <testcase time="0.001" classname="com.elasticpath.domain.dataimport.impl.ImportDataTypeProductImplTest" name="testGetOptionalImportFields"/>
  <testcase time="0" classname="com.elasticpath.domain.dataimport.impl.ImportDataTypeProductImplTest" name="testGetImportFieldOfSizeWithError"/>
  <testcase time="0" classname="com.elasticpath.domain.dataimport.impl.ImportDataTypeProductImplTest" name="testGetImportFieldOfGuidWithNull"/>
  <testcase time="0.001" classname="com.elasticpath.domain.dataimport.impl.ImportDataTypeProductImplTest" name="testGetImportFieldSkuMaxDownloadTimes"/>
  <testcase time="0.001" classname="com.elasticpath.domain.dataimport.impl.ImportDataTypeProductImplTest" name="testGetImportFieldOfEndDate"/>
  <testcase time="0.001" classname="com.elasticpath.domain.dataimport.impl.ImportDataTypeProductImplTest" name="testSettingUrlWithTextExceedingMaximumLength"/>
  <testcase time="0.001" classname="com.elasticpath.domain.dataimport.impl.ImportDataTypeProductImplTest" name="testGetImportFieldOfKeyWords"/>
  <testcase time="0.001" classname="com.elasticpath.domain.dataimport.impl.ImportDataTypeProductImplTest" name="testGetImportFieldOfDisplayName"/>
  <testcase time="0.001" classname="com.elasticpath.domain.dataimport.impl.ImportDataTypeProductImplTest" name="testSettingFilenameWithTextExceedingMaxLength"/>
  <testcase time="0.001" classname="com.elasticpath.domain.dataimport.impl.ImportDataTypeProductImplTest" name="testGetImportFieldOfGuid"/>
  <testcase time="0.001" classname="com.elasticpath.domain.dataimport.impl.ImportDataTypeProductImplTest" name="testGetImportFieldOfSize"/>
  <testcase time="0.001" classname="com.elasticpath.domain.dataimport.impl.ImportDataTypeProductImplTest" name="testSettingImageWithTextExceedingMaxLength"/>
</testsuite>