<?xml version="1.0" encoding="UTF-8" ?>
<testsuite failures="0" time="0.089" errors="0" skipped="0" tests="59" name="com.elasticpath.service.catalog.impl.CategoryServiceImplTest">
  <properties>
[...]
</properties>
  <testcase time="0.005" classname="com.elasticpath.service.catalog.impl.CategoryServiceImplTest" name="testFindAncestorCategoryCodesByCategoryUid"/>
  <testcase time="0.002" classname="com.elasticpath.service.catalog.impl.CategoryServiceImplTest" name="testFindMaxChildOrderingParentNotExists"/>
  <testcase time="0.001" classname="com.elasticpath.service.catalog.impl.CategoryServiceImplTest" name="testPersistenceEngineIsNull"/>
  <testcase time="0.001" classname="com.elasticpath.service.catalog.impl.CategoryServiceImplTest" name="testAddLinkedCategoryWithObjectsStartsWithZeroDepth"/>
  <testcase time="0.002" classname="com.elasticpath.service.catalog.impl.CategoryServiceImplTest" name="testUpdateProductsWithNewLinkedCategoryAndProductIsDefault"/>
  <testcase time="0.001" classname="com.elasticpath.service.catalog.impl.CategoryServiceImplTest" name="testFindByUidsWithCategoryLoadTuner"/>
  <testcase time="0.003" classname="com.elasticpath.service.catalog.impl.CategoryServiceImplTest" name="testUpdateOrder"/>
  <testcase time="0.001" classname="com.elasticpath.service.catalog.impl.CategoryServiceImplTest" name="testLoad"/>
  <testcase time="0.001" classname="com.elasticpath.service.catalog.impl.CategoryServiceImplTest" name="testAddLinkedCategoryRecursiveChecksForDuplicates"/>
  <testcase time="0.001" classname="com.elasticpath.service.catalog.impl.CategoryServiceImplTest" name="testFindByGuid"/>
  <testcase time="0.001" classname="com.elasticpath.service.catalog.impl.CategoryServiceImplTest" name="testFindByUids"/>
  <testcase time="0.001" classname="com.elasticpath.service.catalog.impl.CategoryServiceImplTest" name="testCategoryDoesNotExistsWithCompoundGuid"/>
  <testcase time="0.001" classname="com.elasticpath.service.catalog.impl.CategoryServiceImplTest" name="testFindUidByCompoundCategoryGuid"/>
  <testcase time="0.001" classname="com.elasticpath.service.catalog.impl.CategoryServiceImplTest" name="testFindByGuidCatalogGuid"/>
  <testcase time="0.001" classname="com.elasticpath.service.catalog.impl.CategoryServiceImplTest" name="testFindMinRootOrderingCatalogNotExists"/>
  <testcase time="0.002" classname="com.elasticpath.service.catalog.impl.CategoryServiceImplTest" name="testListRootCategoriesWithTree"/>
  <testcase time="0.001" classname="com.elasticpath.service.catalog.impl.CategoryServiceImplTest" name="testAddNonLinkedSucceeds"/>
  <testcase time="0.008" classname="com.elasticpath.service.catalog.impl.CategoryServiceImplTest" name="testAddLinkedCategoryProducts"/>
  <testcase time="0.001" classname="com.elasticpath.service.catalog.impl.CategoryServiceImplTest" name="testGetCategoryWithAttribute"/>
  <testcase time="0.001" classname="com.elasticpath.service.catalog.impl.CategoryServiceImplTest" name="testLinkedCategoryExistsWithCompoundGuid"/>
  <testcase time="0.001" classname="com.elasticpath.service.catalog.impl.CategoryServiceImplTest" name="testFindAncestorCategoryUidsWithTreeOrder"/>
  <testcase time="0" classname="com.elasticpath.service.catalog.impl.CategoryServiceImplTest" name="testFindCategoryByCriterias"/>
  <testcase time="0" classname="com.elasticpath.service.catalog.impl.CategoryServiceImplTest" name="testAddNonLinkedPreExistingFails"/>
  <testcase time="0.002" classname="com.elasticpath.service.catalog.impl.CategoryServiceImplTest" name="testLoadWithFGLoadTuner"/>
  <testcase time="0.001" classname="com.elasticpath.service.catalog.impl.CategoryServiceImplTest" name="testAddLinkedCategoryLoadsObjects"/>
  <testcase time="0.003" classname="com.elasticpath.service.catalog.impl.CategoryServiceImplTest" name="testRemoveCategoryProducts"/>
  <testcase time="0.001" classname="com.elasticpath.service.catalog.impl.CategoryServiceImplTest" name="testFindDirectDescendantCategoriesWithZeroCategoryUid"/>
  <testcase time="0.001" classname="com.elasticpath.service.catalog.impl.CategoryServiceImplTest" name="testIsProductInCategory"/>
  <testcase time="0.002" classname="com.elasticpath.service.catalog.impl.CategoryServiceImplTest" name="testCategoryExistsWithCompoundGuid"/>
  <testcase time="0.001" classname="com.elasticpath.service.catalog.impl.CategoryServiceImplTest" name="testFindCodeByUidNoCodesReturned"/>
  <testcase time="0.002" classname="com.elasticpath.service.catalog.impl.CategoryServiceImplTest" name="testFindMinChildOrderingParentExists"/>
  <testcase time="0.001" classname="com.elasticpath.service.catalog.impl.CategoryServiceImplTest" name="testListRootCategories"/>
  <testcase time="0.002" classname="com.elasticpath.service.catalog.impl.CategoryServiceImplTest" name="testAddLinkedCategoryRecursiveRecurses"/>
  <testcase time="0.002" classname="com.elasticpath.service.catalog.impl.CategoryServiceImplTest" name="testFindMinChildOrderingParentNotExists"/>
  <testcase time="0.001" classname="com.elasticpath.service.catalog.impl.CategoryServiceImplTest" name="testFindMinRootOrderingCatalogExists"/>
  <testcase time="0.002" classname="com.elasticpath.service.catalog.impl.CategoryServiceImplTest" name="testLinkedCategoryExists"/>
  <testcase time="0.001" classname="com.elasticpath.service.catalog.impl.CategoryServiceImplTest" name="testFindAncestorCategoryCodesByCategoryUidNoParents"/>
  <testcase time="0.003" classname="com.elasticpath.service.catalog.impl.CategoryServiceImplTest" name="testUpdateOrderingNonRootSameOrdering"/>
  <testcase time="0.001" classname="com.elasticpath.service.catalog.impl.CategoryServiceImplTest" name="testUpdatePosition"/>
  <testcase time="0.001" classname="com.elasticpath.service.catalog.impl.CategoryServiceImplTest" name="testLoadWithCategoryLoadTuner"/>
  <testcase time="0.001" classname="com.elasticpath.service.catalog.impl.CategoryServiceImplTest" name="testMasterCategoryExists"/>
  <testcase time="0.001" classname="com.elasticpath.service.catalog.impl.CategoryServiceImplTest" name="testFindCodeByUidOneCodeReturned"/>
  <testcase time="0.001" classname="com.elasticpath.service.catalog.impl.CategoryServiceImplTest" name="testUpdateOrderInDifferentCatalog"/>
  <testcase time="0.001" classname="com.elasticpath.service.catalog.impl.CategoryServiceImplTest" name="testFindDirectDescendantCategoriesWithExistingCategoryUid"/>
  <testcase time="0.001" classname="com.elasticpath.service.catalog.impl.CategoryServiceImplTest" name="testAddingLinkedCategoryToMasterCatalog"/>
  <testcase time="0.001" classname="com.elasticpath.service.catalog.impl.CategoryServiceImplTest" name="testFindByCompoundGuidWithFetchGroupLoadTuner"/>
  <testcase time="0.001" classname="com.elasticpath.service.catalog.impl.CategoryServiceImplTest" name="testFindMaxChildOrderingParentExists"/>
  <testcase time="0.001" classname="com.elasticpath.service.catalog.impl.CategoryServiceImplTest" name="testFindAncestorCategoryUidsByCategoryUid"/>
  <testcase time="0.001" classname="com.elasticpath.service.catalog.impl.CategoryServiceImplTest" name="testFindMaxRootOrderingCatalogExists"/>
  <testcase time="0.002" classname="com.elasticpath.service.catalog.impl.CategoryServiceImplTest" name="testRemoveCategoryTree"/>
  <testcase time="0.001" classname="com.elasticpath.service.catalog.impl.CategoryServiceImplTest" name="testFindMaxRootOrderingCatalogNotExists"/>
  <testcase time="0" classname="com.elasticpath.service.catalog.impl.CategoryServiceImplTest" name="testListAvailableRootCategoriesWithTree"/>
  <testcase time="0.001" classname="com.elasticpath.service.catalog.impl.CategoryServiceImplTest" name="testUpdate"/>
  <testcase time="0.001" classname="com.elasticpath.service.catalog.impl.CategoryServiceImplTest" name="testSaveOrUpdate"/>
  <testcase time="0" classname="com.elasticpath.service.catalog.impl.CategoryServiceImplTest" name="testFindAncestorCategoryUidsByCategoryUidNoParents"/>
  <testcase time="0.001" classname="com.elasticpath.service.catalog.impl.CategoryServiceImplTest" name="testFindByCompoundGuid"/>
  <testcase time="0.001" classname="com.elasticpath.service.catalog.impl.CategoryServiceImplTest" name="testUpdateProductsWithNewLinkedCategory"/>
  <testcase time="0.001" classname="com.elasticpath.service.catalog.impl.CategoryServiceImplTest" name="testListAvailableRootCategories"/>
  <testcase time="0.001" classname="com.elasticpath.service.catalog.impl.CategoryServiceImplTest" name="testAddLinkedPreExistingFails"/>
</testsuite>