<?xml version="1.0" encoding="UTF-8" ?>
<testsuite failures="0" time="0.018" errors="0" skipped="0" tests="34" name="com.elasticpath.domain.catalog.impl.ProductBundleImplTest">
  <properties>
[...]
</properties>
  <testcase time="0" classname="com.elasticpath.domain.catalog.impl.ProductBundleImplTest" name="testGetStartDateWithSku"/>
  <testcase time="0" classname="com.elasticpath.domain.catalog.impl.ProductBundleImplTest" name="testSetHiddenWithNestedStructure"/>
  <testcase time="0" classname="com.elasticpath.domain.catalog.impl.ProductBundleImplTest" name="testBundleNotHiddenAndOneContsituentHiddenWithNestedStructure2"/>
  <testcase time="0.001" classname="com.elasticpath.domain.catalog.impl.ProductBundleImplTest" name="testBundleNotHiddenAndOneContsituentHiddenWithNestedStructure"/>
  <testcase time="0" classname="com.elasticpath.domain.catalog.impl.ProductBundleImplTest" name="testMoveFirstConstituentUp"/>
  <testcase time="0" classname="com.elasticpath.domain.catalog.impl.ProductBundleImplTest" name="testBundleNotHiddenAndContsituentsNotHidden"/>
  <testcase time="0.001" classname="com.elasticpath.domain.catalog.impl.ProductBundleImplTest" name="testAvailabilityPreOrderOverridesBackOrder"/>
  <testcase time="0" classname="com.elasticpath.domain.catalog.impl.ProductBundleImplTest" name="testExpectedReleaseDateOnConstituentWithNestedBundleStructure"/>
  <testcase time="0.001" classname="com.elasticpath.domain.catalog.impl.ProductBundleImplTest" name="testRemoveFirstConstituent"/>
  <testcase time="0" classname="com.elasticpath.domain.catalog.impl.ProductBundleImplTest" name="testRemoveSecondConstituentAndMoveUpFirstConstituent"/>
  <testcase time="0" classname="com.elasticpath.domain.catalog.impl.ProductBundleImplTest" name="testRemoveLastConstituent"/>
  <testcase time="0" classname="com.elasticpath.domain.catalog.impl.ProductBundleImplTest" name="testExpectedReleaseDateWontBeOnBundleItself"/>
  <testcase time="0" classname="com.elasticpath.domain.catalog.impl.ProductBundleImplTest" name="testSwapFirstConstituentAndSecondConstituent"/>
  <testcase time="0.001" classname="com.elasticpath.domain.catalog.impl.ProductBundleImplTest" name="testAvailabilityBackOrderOverridesWhenInStcok"/>
  <testcase time="0" classname="com.elasticpath.domain.catalog.impl.ProductBundleImplTest" name="testMoveSecondConstituentDown"/>
  <testcase time="0.002" classname="com.elasticpath.domain.catalog.impl.ProductBundleImplTest" name="testGetEndDateWithSku"/>
  <testcase time="0" classname="com.elasticpath.domain.catalog.impl.ProductBundleImplTest" name="testOneChildBackOrder"/>
  <testcase time="0.001" classname="com.elasticpath.domain.catalog.impl.ProductBundleImplTest" name="testBundleHiddenAndContsituentNotHidden"/>
  <testcase time="0" classname="com.elasticpath.domain.catalog.impl.ProductBundleImplTest" name="testCalculateExpectedReleaseDateAllNull"/>
  <testcase time="0.001" classname="com.elasticpath.domain.catalog.impl.ProductBundleImplTest" name="testMoveConstituentUpWithNullConstituent"/>
  <testcase time="0" classname="com.elasticpath.domain.catalog.impl.ProductBundleImplTest" name="testMoveConstituentDownWithNonExistingConstituent"/>
  <testcase time="0" classname="com.elasticpath.domain.catalog.impl.ProductBundleImplTest" name="testOneChildAlwaysAvailable"/>
  <testcase time="0.001" classname="com.elasticpath.domain.catalog.impl.ProductBundleImplTest" name="testBundleHiddenAndContsituentsNotHidden"/>
  <testcase time="0" classname="com.elasticpath.domain.catalog.impl.ProductBundleImplTest" name="testMoveSecondConstituentUp"/>
  <testcase time="0" classname="com.elasticpath.domain.catalog.impl.ProductBundleImplTest" name="testMoveConstituentUpWithNonExistingConstituent"/>
  <testcase time="0" classname="com.elasticpath.domain.catalog.impl.ProductBundleImplTest" name="testOrderingIsCorrect"/>
  <testcase time="0" classname="com.elasticpath.domain.catalog.impl.ProductBundleImplTest" name="testSwapPreservesOrdering"/>
  <testcase time="0" classname="com.elasticpath.domain.catalog.impl.ProductBundleImplTest" name="testAvailabilityWhenInStockOverridesAlwaysAvailableWithNestedBundle"/>
  <testcase time="0" classname="com.elasticpath.domain.catalog.impl.ProductBundleImplTest" name="testMoveConstituentDownWithNullConstituent"/>
  <testcase time="0" classname="com.elasticpath.domain.catalog.impl.ProductBundleImplTest" name="testBundleNotHiddenAndOneContsituentHidden"/>
  <testcase time="0" classname="com.elasticpath.domain.catalog.impl.ProductBundleImplTest" name="testAvailabilityWhenInStockOverridesAlwaysAvailable"/>
  <testcase time="0" classname="com.elasticpath.domain.catalog.impl.ProductBundleImplTest" name="testMoveLastConstituentDown"/>
  <testcase time="0" classname="com.elasticpath.domain.catalog.impl.ProductBundleImplTest" name="testCalculateExpectedReleaseDateOnConstituent"/>
  <testcase time="0" classname="com.elasticpath.domain.catalog.impl.ProductBundleImplTest" name="testBundleAndContsituentHidden"/>
</testsuite>