<?xml version="1.0" encoding="UTF-8" ?>
<testsuite failures="0" time="0.043" errors="0" skipped="0" tests="46" name="com.elasticpath.domain.customer.impl.CustomerImplTest">
  <properties>
[...]
</properties>
  <testcase time="0.001" classname="com.elasticpath.domain.customer.impl.CustomerImplTest" name="ensureGetDefaultCreditCardReturnsNullWhenListSetWithNoDefaults"/>
  <testcase time="0.001" classname="com.elasticpath.domain.customer.impl.CustomerImplTest" name="testSetLastEditDate"/>
  <testcase time="0.001" classname="com.elasticpath.domain.customer.impl.CustomerImplTest" name="testAddAddressNull"/>
  <testcase time="0" classname="com.elasticpath.domain.customer.impl.CustomerImplTest" name="testGetPassword"/>
  <testcase time="0" classname="com.elasticpath.domain.customer.impl.CustomerImplTest" name="testGetEmail"/>
  <testcase time="0.001" classname="com.elasticpath.domain.customer.impl.CustomerImplTest" name="testRemoveAddressNull"/>
  <testcase time="0.001" classname="com.elasticpath.domain.customer.impl.CustomerImplTest" name="testSetFirstName"/>
  <testcase time="0.001" classname="com.elasticpath.domain.customer.impl.CustomerImplTest" name="testIsAnonymous"/>
  <testcase time="0.002" classname="com.elasticpath.domain.customer.impl.CustomerImplTest" name="testSetClearTextPassword"/>
  <testcase time="0.001" classname="com.elasticpath.domain.customer.impl.CustomerImplTest" name="testSetHtmlEmailPreferred"/>
  <testcase time="0" classname="com.elasticpath.domain.customer.impl.CustomerImplTest" name="testGetCreationDate"/>
  <testcase time="0.001" classname="com.elasticpath.domain.customer.impl.CustomerImplTest" name="testBelongsToCustomerGroup"/>
  <testcase time="0" classname="com.elasticpath.domain.customer.impl.CustomerImplTest" name="testSetCompany"/>
  <testcase time="0.001" classname="com.elasticpath.domain.customer.impl.CustomerImplTest" name="testSetAddresses"/>
  <testcase time="0.001" classname="com.elasticpath.domain.customer.impl.CustomerImplTest" name="testSetPhoneNumber"/>
  <testcase time="0.001" classname="com.elasticpath.domain.customer.impl.CustomerImplTest" name="testGetSetAddresses"/>
  <testcase time="0.001" classname="com.elasticpath.domain.customer.impl.CustomerImplTest" name="testSetCreditCardsWithEmptyListRemovesAllCards"/>
  <testcase time="0" classname="com.elasticpath.domain.customer.impl.CustomerImplTest" name="testGetCreditCardByGuid"/>
  <testcase time="0.001" classname="com.elasticpath.domain.customer.impl.CustomerImplTest" name="ensureGetDefaultCreditCardReturnsCardWithDefaultSet"/>
  <testcase time="0" classname="com.elasticpath.domain.customer.impl.CustomerImplTest" name="testSetCreationDate"/>
  <testcase time="0" classname="com.elasticpath.domain.customer.impl.CustomerImplTest" name="testGetCreditCardByInvalidGuid"/>
  <testcase time="0.001" classname="com.elasticpath.domain.customer.impl.CustomerImplTest" name="verifyRoleMapperReturnsCorrectRolesOnCustomer"/>
  <testcase time="0.001" classname="com.elasticpath.domain.customer.impl.CustomerImplTest" name="testSetGetPreferredCurrency"/>
  <testcase time="0" classname="com.elasticpath.domain.customer.impl.CustomerImplTest" name="ensureGetDefaultCreditCardReturnsCorrectCard"/>
  <testcase time="0.001" classname="com.elasticpath.domain.customer.impl.CustomerImplTest" name="testSetPreferredBillingIsInAddresses"/>
  <testcase time="0.001" classname="com.elasticpath.domain.customer.impl.CustomerImplTest" name="testSetLastName"/>
  <testcase time="0" classname="com.elasticpath.domain.customer.impl.CustomerImplTest" name="testGetLastName"/>
  <testcase time="0.001" classname="com.elasticpath.domain.customer.impl.CustomerImplTest" name="testAddAddress"/>
  <testcase time="0.001" classname="com.elasticpath.domain.customer.impl.CustomerImplTest" name="testSetStatusInvalid"/>
  <testcase time="0.001" classname="com.elasticpath.domain.customer.impl.CustomerImplTest" name="testSetAnonymous"/>
  <testcase time="0.001" classname="com.elasticpath.domain.customer.impl.CustomerImplTest" name="testSetPreferredShippingIsInAddresses"/>
  <testcase time="0.001" classname="com.elasticpath.domain.customer.impl.CustomerImplTest" name="testSetGender"/>
  <testcase time="0.001" classname="com.elasticpath.domain.customer.impl.CustomerImplTest" name="testGetEncryptedPassword"/>
  <testcase time="0.001" classname="com.elasticpath.domain.customer.impl.CustomerImplTest" name="ensureGetDefaultCreditCardReturnsFirstCardInListWhenNoneAreDefault"/>
  <testcase time="0.001" classname="com.elasticpath.domain.customer.impl.CustomerImplTest" name="testGetAddressById"/>
  <testcase time="0.001" classname="com.elasticpath.domain.customer.impl.CustomerImplTest" name="testGetFirstName"/>
  <testcase time="0.001" classname="com.elasticpath.domain.customer.impl.CustomerImplTest" name="testSetStatus"/>
  <testcase time="0.001" classname="com.elasticpath.domain.customer.impl.CustomerImplTest" name="testSetUserId"/>
  <testcase time="0.001" classname="com.elasticpath.domain.customer.impl.CustomerImplTest" name="testGetLastEditDate"/>
  <testcase time="0" classname="com.elasticpath.domain.customer.impl.CustomerImplTest" name="testGetUserId"/>
  <testcase time="0.001" classname="com.elasticpath.domain.customer.impl.CustomerImplTest" name="testSetFaxNumber"/>
  <testcase time="0.001" classname="com.elasticpath.domain.customer.impl.CustomerImplTest" name="testGetAddresses"/>
  <testcase time="0" classname="com.elasticpath.domain.customer.impl.CustomerImplTest" name="testRemoveAddress"/>
  <testcase time="0.001" classname="com.elasticpath.domain.customer.impl.CustomerImplTest" name="testSetToBeNotified"/>
  <testcase time="0.001" classname="com.elasticpath.domain.customer.impl.CustomerImplTest" name="testSetGetPreferrredLocale"/>
  <testcase time="0.001" classname="com.elasticpath.domain.customer.impl.CustomerImplTest" name="testSetEmail"/>
</testsuite>